#
# A fatal error has been detected by the Java Runtime Environment:
#
#  EXCEPTION_ACCESS_VIOLATION (0xc0000005) at pc=0x00007ffa296851b0, pid=10960, tid=328
#
# JRE version: OpenJDK Runtime Environment Corretto-17.0.11.9.1 (17.0.11+9) (build 17.0.11+9-LTS)
# Java VM: OpenJDK 64-Bit Server VM Corretto-17.0.11.9.1 (17.0.11+9-LTS, mixed mode, emulated-client, sharing, tiered, compressed oops, compressed class ptrs, g1 gc, windows-amd64)
# Problematic frame:
# V  [jvm.dll+0x2a51b0]
#
# No core dump will be written. Minidumps are not enabled by default on client versions of Windows
#
# If you would like to submit a bug report, please visit:
#   https://github.com/corretto/corretto-17/issues/
#

---------------  S U M M A R Y ------------

Command Line: -XX:TieredStopAtLevel=1 -Dspring.output.ansi.enabled=always -Dcom.sun.management.jmxremote -Dspring.jmx.enabled=true -Dspring.liveBeansView.mbeanDomain -Dspring.application.admin.enabled=true -Dmanagement.endpoints.jmx.exposure.include=* -javaagent:C:\Users\user\AppData\Local\JetBrains\IntelliJ IDEA 2024.1.4\lib\idea_rt.jar=62503:C:\Users\user\AppData\Local\JetBrains\IntelliJ IDEA 2024.1.4\bin -Dfile.encoding=UTF-8 com.icia.ggdserver.GgdserverApplication

Host: Intel(R) Core(TM) i5-3470 CPU @ 3.20GHz, 4 cores, 7G,  Windows 10 , 64 bit Build 19041 (10.0.19041.5072)
Time: Thu Nov 14 09:48:52 2024  Windows 10 , 64 bit Build 19041 (10.0.19041.5072) elapsed time: 775.182537 seconds (0d 0h 12m 55s)

---------------  T H R E A D  ---------------

Current thread (0x0000026bac63de10):  JavaThread "C1 CompilerThread0" daemon [_thread_in_vm, id=328, stack(0x000000a322200000,0x000000a322300000)]


Current CompileTask:
C1: 775182 9859   !   1       sun.nio.ch.SocketChannelImpl::write (186 bytes)

Stack: [0x000000a322200000,0x000000a322300000],  sp=0x000000a3222fe800,  free space=1018k
Native frames: (J=compiled Java code, j=interpreted, Vv=VM code, C=native code)
V  [jvm.dll+0x2a51b0]
V  [jvm.dll+0x23fa17]
V  [jvm.dll+0x1c4954]
V  [jvm.dll+0x1c4810]
V  [jvm.dll+0x1d9af8]
V  [jvm.dll+0x1d9c54]
V  [jvm.dll+0x144a9f]
V  [jvm.dll+0x142118]
V  [jvm.dll+0x1403b4]
V  [jvm.dll+0x148dbd]
V  [jvm.dll+0x1482e5]
V  [jvm.dll+0x13fb18]
V  [jvm.dll+0x1420d5]
V  [jvm.dll+0x1403b4]
V  [jvm.dll+0x13a2ff]
V  [jvm.dll+0x149f46]
V  [jvm.dll+0x135a90]
V  [jvm.dll+0x135df0]
V  [jvm.dll+0x1360b6]
V  [jvm.dll+0x13554a]
V  [jvm.dll+0x137201]
V  [jvm.dll+0x22920d]
V  [jvm.dll+0x2273dc]
V  [jvm.dll+0x7e9a07]
V  [jvm.dll+0x7e3e0a]
V  [jvm.dll+0x67bef5]
C  [ucrtbase.dll+0x21bb2]
C  [KERNEL32.DLL+0x17374]
C  [ntdll.dll+0x4cc91]


siginfo: EXCEPTION_ACCESS_VIOLATION (0xc0000005), reading address 0xffffffffffffffff


Registers:
RAX=0x0000826bad063ef0, RBX=0x0000000000000000, RCX=0x0000026b98c42a40, RDX=0x00000000000001b1
RSP=0x000000a3222fe800, RBP=0x000000a3222ff760, RSI=0x0000000000000000, RDI=0x0000026bac60b9b0
R8 =0x0000026bad451300, R9 =0x00000000602d76a0, R10=0x0000026b98c42a40, R11=0x0000026bf2309c50
R12=0x000000a3222fe950, R13=0x0000026bad451300, R14=0x0000000000000000, R15=0x000000a3222fe9c8
RIP=0x00007ffa296851b0, EFLAGS=0x0000000000010246


Register to memory mapping:

RIP=0x00007ffa296851b0 jvm.dll
RAX=0x0000826bad063ef0 is an unknown value
RBX=0x0 is NULL
RCX=0x0000026b98c42a40 points into unknown readable memory: 0x00000000000003f1 | f1 03 00 00 00 00 00 00
RDX=0x00000000000001b1 is an unknown value
RSP=0x000000a3222fe800 is pointing into the stack for thread: 0x0000026bac63de10
RBP=0x000000a3222ff760 is pointing into the stack for thread: 0x0000026bac63de10
RSI=0x0 is NULL
RDI=0x0000026bac60b9b0 points into unknown readable memory: 0x00000000602d76a0 | a0 76 2d 60 00 00 00 00
R8 =0x0000026bad451300 is pointing into metadata
R9 =0x00000000602d76a0 is an unknown value
R10=0x0000026b98c42a40 points into unknown readable memory: 0x00000000000003f1 | f1 03 00 00 00 00 00 00
R11=0x0000026bf2309c50 points into unknown readable memory: 0x0000000000000000 | 00 00 00 00 00 00 00 00
R12=0x000000a3222fe950 is pointing into the stack for thread: 0x0000026bac63de10
R13=0x0000026bad451300 is pointing into metadata
R14=0x0 is NULL
R15=0x000000a3222fe9c8 is pointing into the stack for thread: 0x0000026bac63de10


Top of Stack: (sp=0x000000a3222fe800)
0x000000a3222fe800:   000000a3222fea40 0000026bf23da9f0
0x000000a3222fe810:   0000026bf23dab70 00007ffa29a1fb63
0x000000a3222fe820:   0000026bac63de10 00007ffa2961fa17
0x000000a3222fe830:   0000000000000000 00007ffa294fe894
0x000000a3222fe840:   000000a3222fe890 0000000000000000
0x000000a3222fe850:   000000a3222fe9c8 000000a3222fe950
0x000000a3222fe860:   0000026bf4089800 0000000000000020
0x000000a3222fe870:   0000026bac623f50 00007ffa295a4954
0x000000a3222fe880:   000000a3222fe9b0 000000a3222ff760
0x000000a3222fe890:   000000000000002f 000000000000002f
0x000000a3222fe8a0:   0000026bf2309801 0000026bf23094b0
0x000000a3222fe8b0:   0000000000000050 000000a3222ff760
0x000000a3222fe8c0:   000000a3222fe9c8 00007ffa295a4810
0x000000a3222fe8d0:   0000000000000000 0000026bac623f50
0x000000a3222fe8e0:   000000a3222fe950 000000a3222feee0
0x000000a3222fe8f0:   0000026bf23da960 0000026bf4089760
0x000000a3222fe900:   000000a3222fe9c8 0000026bac623f70
0x000000a3222fe910:   0000000000000000 00007ffa295b9af8
0x000000a3222fe920:   0000026bac63de10 0000026bac623fa0
0x000000a3222fe930:   000000000000002f 000000a3222fea20
0x000000a3222fe940:   0000026bf23da960 0000026bf2309a10
0x000000a3222fe950:   0000026bad64a488 0000026bac63de10
0x000000a3222fe960:   000000a3222feee0 00007ffa293e0000
0x000000a3222fe970:   0000000000000000 00007ffa295b9c54
0x000000a3222fe980:   0000026bad64a488 0000026bf23dab34
0x000000a3222fe990:   000000a3222fea20 0000026bf2309c00
0x000000a3222fe9a0:   0000026bf4089800 0000000000000000
0x000000a3222fe9b0:   000000a3222fea70 00007ffa29524a9f
0x000000a3222fe9c0:   000000a3222fea70 000000a3222feee0
0x000000a3222fe9d0:   0000000000000000 00007ffa293e0000
0x000000a3222fe9e0:   0000000000000000 00007ffa293e0000
0x000000a3222fe9f0:   0000000000000000 00007ffa29522118 

Instructions: (pc=0x00007ffa296851b0)
0x00007ffa296850b0:   4c 24 40 44 3b 02 0f 8c 04 fe ff ff 4c 8b bc 24
0x00007ffa296850c0:   00 01 00 00 4c 8b b4 24 08 01 00 00 4c 8b ac 24
0x00007ffa296850d0:   10 01 00 00 4c 8b a4 24 18 01 00 00 48 8b bc 24
0x00007ffa296850e0:   20 01 00 00 48 8b ac 24 28 01 00 00 48 8b 9c 24
0x00007ffa296850f0:   50 01 00 00 48 8b 8c 24 f0 00 00 00 48 33 cc e8
0x00007ffa29685100:   dc b2 5e 00 48 81 c4 30 01 00 00 5e c3 cc cc cc
0x00007ffa29685110:   48 89 5c 24 08 57 48 83 ec 20 48 8b d9 48 8b fa
0x00007ffa29685120:   48 8b 49 10 48 8b 01 ff 90 e8 00 00 00 48 3b f8
0x00007ffa29685130:   74 31 48 8b 5b 18 48 85 db 74 1b 0f 1f 44 00 00
0x00007ffa29685140:   48 8b cb e8 e8 42 40 00 48 3b c7 74 16 48 8b 5b
0x00007ffa29685150:   08 48 85 db 75 ea 32 c0 48 8b 5c 24 30 48 83 c4
0x00007ffa29685160:   20 5f c3 48 8b 5c 24 30 b0 01 48 83 c4 20 5f c3
0x00007ffa29685170:   0f b6 05 a1 cd 8d 00 c3 cc cc cc cc cc cc cc cc
0x00007ffa29685180:   48 89 5c 24 08 57 48 83 ec 20 49 8b d9 44 8b ca
0x00007ffa29685190:   41 8b c1 33 d2 f7 31 48 8b 41 08 48 63 fa 48 8b
0x00007ffa296851a0:   3c f8 48 85 ff 74 18 44 39 0f 75 0a 48 8b 47 10
0x00007ffa296851b0:   4c 39 40 18 74 16 48 8b 7f 08 48 85 ff 75 e8 33
0x00007ffa296851c0:   c0 48 8b 5c 24 30 48 83 c4 20 5f c3 48 85 db 74
0x00007ffa296851d0:   1e 48 83 3b 00 74 18 e8 94 63 0e 00 84 c0 74 0f
0x00007ffa296851e0:   48 8b 13 48 8b cf e8 25 ff ff ff 84 c0 74 d0 48
0x00007ffa296851f0:   8b 47 10 48 8b 5c 24 30 48 83 c4 20 5f c3 cc cc
0x00007ffa29685200:   44 8b d2 33 d2 41 8b c2 f7 31 48 8b 41 08 4c 63
0x00007ffa29685210:   ca 4a 8b 04 c8 48 85 c0 74 19 44 39 10 75 0a 48
0x00007ffa29685220:   8b 48 10 4c 39 41 18 74 06 48 8b 40 08 eb e6 48
0x00007ffa29685230:   8b c1 c3 c3 cc cc cc cc cc cc cc cc cc cc cc cc
0x00007ffa29685240:   48 8b 41 08 48 63 d2 48 8b 04 d0 48 85 c0 74 1f
0x00007ffa29685250:   48 8b 4c 24 28 44 39 00 75 0c 4c 39 48 10 75 06
0x00007ffa29685260:   48 39 48 18 74 0b 48 8b 40 08 48 85 c0 75 e6 33
0x00007ffa29685270:   c0 c3 cc cc cc cc cc cc cc cc cc cc cc cc cc cc
0x00007ffa29685280:   48 8b 49 28 48 85 c9 75 03 33 c0 c3 48 ff 25 8d
0x00007ffa29685290:   9d 86 00 cc cc cc cc cc cc cc cc cc cc cc cc cc
0x00007ffa296852a0:   48 89 6c 24 18 48 89 74 24 20 57 48 83 ec 20 33 


Stack slot to memory mapping:
stack at sp + 0 slots: 0x000000a3222fea40 is pointing into the stack for thread: 0x0000026bac63de10
stack at sp + 1 slots: 0x0000026bf23da9f0 points into unknown readable memory: 0x00007ffa29d11f30 | 30 1f d1 29 fa 7f 00 00
stack at sp + 2 slots: 0x0000026bf23dab70 points into unknown readable memory: 0x0000026bf23da9f0 | f0 a9 3d f2 6b 02 00 00
stack at sp + 3 slots: 0x00007ffa29a1fb63 jvm.dll
stack at sp + 4 slots: 0x0000026bac63de10 is a thread
stack at sp + 5 slots: 0x00007ffa2961fa17 jvm.dll
stack at sp + 6 slots: 0x0 is NULL
stack at sp + 7 slots: 0x00007ffa294fe894 jvm.dll


[error occurred during error reporting (printing code blobs if possible), id 0xc0000005, EXCEPTION_ACCESS_VIOLATION (0xc0000005) at pc=0x00007ffa29b4a55c]


---------------  P R O C E S S  ---------------

Threads class SMR info:
_java_thread_list=0x0000026bf4519600, length=33, elements={
0x0000026bac617ef0, 0x0000026bac618d70, 0x0000026bac637970, 0x0000026bac6387f0,
0x0000026bac63c1d0, 0x0000026bac63d3a0, 0x0000026bac63de10, 0x0000026bac640ab0,
0x0000026bac604900, 0x0000026bf20a45c0, 0x0000026bf20aae80, 0x0000026bf21a52b0,
0x0000026bf2671530, 0x0000026bf2671f50, 0x0000026bf2672460, 0x0000026bf2671020,
0x0000026bf26738a0, 0x0000026bf2672970, 0x0000026bf4402620, 0x0000026bf4404ea0,
0x0000026bf4402110, 0x0000026bf44053b0, 0x0000026bf43fdf40, 0x0000026bf43fe450,
0x0000026bf4401c00, 0x0000026bf4403f70, 0x0000026bf4404480, 0x0000026bf4404990,
0x0000026bf44058c0, 0x0000026bf43fe960, 0x0000026bf4403040, 0x0000026bf43fee70,
0x0000026bf4403a60
}

Java Threads: ( => current thread )
  0x0000026bac617ef0 JavaThread "Reference Handler" daemon [_thread_blocked, id=13844, stack(0x000000a321c00000,0x000000a321d00000)]
  0x0000026bac618d70 JavaThread "Finalizer" daemon [_thread_blocked, id=17284, stack(0x000000a321d00000,0x000000a321e00000)]
  0x0000026bac637970 JavaThread "Signal Dispatcher" daemon [_thread_blocked, id=17372, stack(0x000000a321e00000,0x000000a321f00000)]
  0x0000026bac6387f0 JavaThread "Attach Listener" daemon [_thread_blocked, id=17532, stack(0x000000a321f00000,0x000000a322000000)]
  0x0000026bac63c1d0 JavaThread "Service Thread" daemon [_thread_blocked, id=17804, stack(0x000000a322000000,0x000000a322100000)]
  0x0000026bac63d3a0 JavaThread "Monitor Deflation Thread" daemon [_thread_blocked, id=12140, stack(0x000000a322100000,0x000000a322200000)]
=>0x0000026bac63de10 JavaThread "C1 CompilerThread0" daemon [_thread_in_vm, id=328, stack(0x000000a322200000,0x000000a322300000)]
  0x0000026bac640ab0 JavaThread "Sweeper thread" daemon [_thread_blocked, id=17716, stack(0x000000a322300000,0x000000a322400000)]
  0x0000026bac604900 JavaThread "Common-Cleaner" daemon [_thread_blocked, id=1568, stack(0x000000a322400000,0x000000a322500000)]
  0x0000026bf20a45c0 JavaThread "Monitor Ctrl-Break" daemon [_thread_in_native, id=15644, stack(0x000000a322600000,0x000000a322700000)]
  0x0000026bf20aae80 JavaThread "Notification Thread" daemon [_thread_blocked, id=13452, stack(0x000000a322700000,0x000000a322800000)]
  0x0000026bf21a52b0 JavaThread "RMI TCP Accept-0" daemon [_thread_in_native, id=15592, stack(0x000000a322800000,0x000000a322900000)]
  0x0000026bf2671530 JavaThread "RMI Scheduler(0)" daemon [_thread_blocked, id=14856, stack(0x000000a323100000,0x000000a323200000)]
  0x0000026bf2671f50 JavaThread "Catalina-utility-1" [_thread_blocked, id=10680, stack(0x000000a323200000,0x000000a323300000)]
  0x0000026bf2672460 JavaThread "Catalina-utility-2" [_thread_blocked, id=16372, stack(0x000000a323400000,0x000000a323500000)]
  0x0000026bf2671020 JavaThread "container-0" [_thread_blocked, id=17816, stack(0x000000a323500000,0x000000a323600000)]
  0x0000026bf26738a0 JavaThread "mysql-cj-abandoned-connection-cleanup" daemon [_thread_blocked, id=7160, stack(0x000000a323600000,0x000000a323700000)]
  0x0000026bf2672970 JavaThread "HikariPool-1 housekeeper" daemon [_thread_blocked, id=16756, stack(0x000000a323800000,0x000000a323900000)]
  0x0000026bf4402620 JavaThread "File Watcher" daemon [_thread_blocked, id=12460, stack(0x000000a323a00000,0x000000a323b00000)]
  0x0000026bf4404ea0 JavaThread "Live Reload Server" daemon [_thread_in_native, id=17196, stack(0x000000a323c00000,0x000000a323d00000)]
  0x0000026bf4402110 JavaThread "http-nio-8080-exec-1" daemon [_thread_blocked, id=11912, stack(0x000000a323b00000,0x000000a323c00000)]
  0x0000026bf44053b0 JavaThread "http-nio-8080-exec-2" daemon [_thread_blocked, id=17648, stack(0x000000a323d00000,0x000000a323e00000)]
  0x0000026bf43fdf40 JavaThread "http-nio-8080-exec-3" daemon [_thread_blocked, id=15756, stack(0x000000a323e00000,0x000000a323f00000)]
  0x0000026bf43fe450 JavaThread "http-nio-8080-exec-4" daemon [_thread_blocked, id=18424, stack(0x000000a323f00000,0x000000a324000000)]
  0x0000026bf4401c00 JavaThread "http-nio-8080-exec-5" daemon [_thread_blocked, id=14692, stack(0x000000a324000000,0x000000a324100000)]
  0x0000026bf4403f70 JavaThread "http-nio-8080-exec-6" daemon [_thread_blocked, id=13756, stack(0x000000a324100000,0x000000a324200000)]
  0x0000026bf4404480 JavaThread "http-nio-8080-exec-7" daemon [_thread_blocked, id=6816, stack(0x000000a324200000,0x000000a324300000)]
  0x0000026bf4404990 JavaThread "http-nio-8080-exec-8" daemon [_thread_blocked, id=13968, stack(0x000000a324300000,0x000000a324400000)]
  0x0000026bf44058c0 JavaThread "http-nio-8080-exec-9" daemon [_thread_blocked, id=14248, stack(0x000000a324400000,0x000000a324500000)]
  0x0000026bf43fe960 JavaThread "http-nio-8080-exec-10" daemon [_thread_blocked, id=18012, stack(0x000000a324500000,0x000000a324600000)]
  0x0000026bf4403040 JavaThread "http-nio-8080-Poller" daemon [_thread_in_native, id=13676, stack(0x000000a324600000,0x000000a324700000)]
  0x0000026bf43fee70 JavaThread "http-nio-8080-Acceptor" daemon [_thread_in_native, id=2596, stack(0x000000a324700000,0x000000a324800000)]
  0x0000026bf4403a60 JavaThread "DestroyJavaVM" [_thread_blocked, id=3120, stack(0x000000a321500000,0x000000a321600000)]

Other Threads:
  0x0000026bac612ee0 VMThread "VM Thread" [stack: 0x000000a321b00000,0x000000a321c00000] [id=11864]
  0x0000026bf21a7db0 WatcherThread [stack: 0x000000a322900000,0x000000a322a00000] [id=16380]
  0x0000026b9ae6d220 GCTaskThread "GC Thread#0" [stack: 0x000000a321600000,0x000000a321700000] [id=4372]
  0x0000026bf24996c0 GCTaskThread "GC Thread#1" [stack: 0x000000a322a00000,0x000000a322b00000] [id=13864]
  0x0000026bf22f8eb0 GCTaskThread "GC Thread#2" [stack: 0x000000a322b00000,0x000000a322c00000] [id=17452]
  0x0000026bf24c1420 GCTaskThread "GC Thread#3" [stack: 0x000000a322c00000,0x000000a322d00000] [id=14728]
  0x0000026b9ae7de30 ConcurrentGCThread "G1 Main Marker" [stack: 0x000000a321700000,0x000000a321800000] [id=5320]
  0x0000026b9ae7eff0 ConcurrentGCThread "G1 Conc#0" [stack: 0x000000a321800000,0x000000a321900000] [id=8332]
  0x0000026bac4d4290 ConcurrentGCThread "G1 Refine#0" [stack: 0x000000a321900000,0x000000a321a00000] [id=15600]
  0x0000026bf249ba90 ConcurrentGCThread "G1 Refine#1" [stack: 0x000000a322d00000,0x000000a322e00000] [id=12800]
  0x0000026bac4d5cd0 ConcurrentGCThread "G1 Service" [stack: 0x000000a321a00000,0x000000a321b00000] [id=10368]

Threads with active compile tasks:
C1 CompilerThread0   775240 9859   !   1       sun.nio.ch.SocketChannelImpl::write (186 bytes)

VM state: not at safepoint (normal execution)

VM Mutex/Monitor currently owned by a thread: None

Heap address: 0x0000000081a00000, size: 2022 MB, Compressed Oops mode: 32-bit

CDS archive(s) mapped at: [0x0000026bad000000-0x0000026badbb0000-0x0000026badbb0000), size 12255232, SharedBaseAddress: 0x0000026bad000000, ArchiveRelocationMode: 1.
Compressed class space mapped at: 0x0000026bae000000-0x0000026bee000000, reserved size: 1073741824
Narrow klass base: 0x0000026bad000000, Narrow klass shift: 0, Narrow klass range: 0x100000000

GC Precious Log:
 CPUs: 4 total, 4 available
 Memory: 8086M
 Large Page Support: Disabled
 NUMA Support: Disabled
 Compressed Oops: Enabled (32-bit)
 Heap Region Size: 1M
 Heap Min Capacity: 8M
 Heap Initial Capacity: 128M
 Heap Max Capacity: 2022M
 Pre-touch: Disabled
 Parallel Workers: 4
 Concurrent Workers: 1
 Concurrent Refinement Workers: 4
 Periodic GC: Disabled

Heap:
 garbage-first heap   total 183296K, used 113509K [0x0000000081a00000, 0x0000000100000000)
  region size 1024K, 79 young (80896K), 8 survivors (8192K)
 Metaspace       used 75984K, committed 76672K, reserved 1179648K
  class space    used 10994K, committed 11328K, reserved 1048576K

Heap Regions: E=young(eden), S=young(survivor), O=old, HS=humongous(starts), HC=humongous(continues), CS=collection set, F=free, OA=open archive, CA=closed archive, TAMS=top-at-mark-start (previous, next)
|   0|0x0000000081a00000, 0x0000000081b00000, 0x0000000081b00000|100%|HS|  |TAMS 0x0000000081b00000, 0x0000000081a00000| Complete 
|   1|0x0000000081b00000, 0x0000000081c00000, 0x0000000081c00000|100%| O|  |TAMS 0x0000000081c00000, 0x0000000081b00000| Untracked 
|   2|0x0000000081c00000, 0x0000000081d00000, 0x0000000081d00000|100%| O|  |TAMS 0x0000000081d00000, 0x0000000081c00000| Untracked 
|   3|0x0000000081d00000, 0x0000000081e00000, 0x0000000081e00000|100%| O|  |TAMS 0x0000000081e00000, 0x0000000081d00000| Untracked 
|   4|0x0000000081e00000, 0x0000000081f00000, 0x0000000081f00000|100%| O|  |TAMS 0x0000000081f00000, 0x0000000081e00000| Untracked 
|   5|0x0000000081f00000, 0x0000000082000000, 0x0000000082000000|100%| O|  |TAMS 0x0000000082000000, 0x0000000081f00000| Untracked 
|   6|0x0000000082000000, 0x0000000082100000, 0x0000000082100000|100%| O|  |TAMS 0x0000000082100000, 0x0000000082000000| Untracked 
|   7|0x0000000082100000, 0x0000000082200000, 0x0000000082200000|100%| O|  |TAMS 0x0000000082200000, 0x0000000082100000| Untracked 
|   8|0x0000000082200000, 0x0000000082300000, 0x0000000082300000|100%| O|  |TAMS 0x0000000082300000, 0x0000000082200000| Untracked 
|   9|0x0000000082300000, 0x0000000082400000, 0x0000000082400000|100%| O|  |TAMS 0x0000000082400000, 0x0000000082300000| Untracked 
|  10|0x0000000082400000, 0x0000000082500000, 0x0000000082500000|100%| O|  |TAMS 0x0000000082500000, 0x0000000082400000| Untracked 
|  11|0x0000000082500000, 0x0000000082600000, 0x0000000082600000|100%| O|  |TAMS 0x0000000082500000, 0x0000000082500000| Untracked 
|  12|0x0000000082600000, 0x0000000082700000, 0x0000000082700000|100%| O|  |TAMS 0x0000000082700000, 0x0000000082600000| Untracked 
|  13|0x0000000082700000, 0x0000000082800000, 0x0000000082800000|100%| O|  |TAMS 0x0000000082800000, 0x0000000082700000| Untracked 
|  14|0x0000000082800000, 0x0000000082900000, 0x0000000082900000|100%| O|  |TAMS 0x0000000082900000, 0x0000000082800000| Untracked 
|  15|0x0000000082900000, 0x0000000082a00000, 0x0000000082a00000|100%| O|  |TAMS 0x0000000082a00000, 0x0000000082900000| Untracked 
|  16|0x0000000082a00000, 0x0000000082b00000, 0x0000000082b00000|100%| O|  |TAMS 0x0000000082b00000, 0x0000000082a00000| Untracked 
|  17|0x0000000082b00000, 0x0000000082c00000, 0x0000000082c00000|100%| O|  |TAMS 0x0000000082c00000, 0x0000000082b00000| Untracked 
|  18|0x0000000082c00000, 0x0000000082d00000, 0x0000000082d00000|100%| O|  |TAMS 0x0000000082d00000, 0x0000000082c00000| Untracked 
|  19|0x0000000082d00000, 0x0000000082e00000, 0x0000000082e00000|100%| O|  |TAMS 0x0000000082e00000, 0x0000000082d00000| Untracked 
|  20|0x0000000082e00000, 0x0000000082f00000, 0x0000000082f00000|100%| O|  |TAMS 0x0000000082f00000, 0x0000000082e00000| Untracked 
|  21|0x0000000082f00000, 0x0000000083000000, 0x0000000083000000|100%| O|  |TAMS 0x0000000083000000, 0x0000000082f00000| Untracked 
|  22|0x0000000083000000, 0x0000000083100000, 0x0000000083100000|100%| O|  |TAMS 0x0000000083100000, 0x0000000083000000| Untracked 
|  23|0x0000000083100000, 0x0000000083200000, 0x0000000083200000|100%| O|  |TAMS 0x0000000083100000, 0x0000000083100000| Untracked 
|  24|0x0000000083200000, 0x0000000083300000, 0x0000000083300000|100%| O|  |TAMS 0x0000000083300000, 0x0000000083200000| Untracked 
|  25|0x0000000083300000, 0x0000000083400000, 0x0000000083400000|100%| O|  |TAMS 0x0000000083300000, 0x0000000083300000| Untracked 
|  26|0x0000000083400000, 0x0000000083500000, 0x0000000083500000|100%| O|  |TAMS 0x0000000083400000, 0x0000000083400000| Untracked 
|  27|0x0000000083500000, 0x0000000083600000, 0x0000000083600000|100%| O|  |TAMS 0x0000000083500000, 0x0000000083500000| Untracked 
|  28|0x0000000083600000, 0x0000000083700000, 0x0000000083700000|100%| O|  |TAMS 0x0000000083600000, 0x0000000083600000| Untracked 
|  29|0x0000000083700000, 0x0000000083800000, 0x0000000083800000|100%| O|  |TAMS 0x0000000083700000, 0x0000000083700000| Untracked 
|  30|0x0000000083800000, 0x0000000083900000, 0x0000000083900000|100%| O|  |TAMS 0x0000000083800000, 0x0000000083800000| Untracked 
|  31|0x0000000083900000, 0x0000000083a00000, 0x0000000083a00000|100%| O|  |TAMS 0x0000000083981200, 0x0000000083900000| Untracked 
|  32|0x0000000083a00000, 0x0000000083b00000, 0x0000000083b00000|100%| O|  |TAMS 0x0000000083a00000, 0x0000000083a00000| Untracked 
|  33|0x0000000083b00000, 0x0000000083c00000, 0x0000000083c00000|100%| O|  |TAMS 0x0000000083b00000, 0x0000000083b00000| Untracked 
|  34|0x0000000083c00000, 0x0000000083cb5200, 0x0000000083d00000| 70%| O|  |TAMS 0x0000000083c00000, 0x0000000083c00000| Untracked 
|  35|0x0000000083d00000, 0x0000000083d00000, 0x0000000083e00000|  0%| F|  |TAMS 0x0000000083d00000, 0x0000000083d00000| Untracked 
|  36|0x0000000083e00000, 0x0000000083e00000, 0x0000000083f00000|  0%| F|  |TAMS 0x0000000083e00000, 0x0000000083e00000| Untracked 
|  37|0x0000000083f00000, 0x0000000083f00000, 0x0000000084000000|  0%| F|  |TAMS 0x0000000083f00000, 0x0000000083f00000| Untracked 
|  38|0x0000000084000000, 0x0000000084000000, 0x0000000084100000|  0%| F|  |TAMS 0x0000000084000000, 0x0000000084000000| Untracked 
|  39|0x0000000084100000, 0x0000000084100000, 0x0000000084200000|  0%| F|  |TAMS 0x0000000084100000, 0x0000000084100000| Untracked 
|  40|0x0000000084200000, 0x0000000084200000, 0x0000000084300000|  0%| F|  |TAMS 0x0000000084200000, 0x0000000084200000| Untracked 
|  41|0x0000000084300000, 0x0000000084300000, 0x0000000084400000|  0%| F|  |TAMS 0x0000000084300000, 0x0000000084300000| Untracked 
|  42|0x0000000084400000, 0x0000000084400000, 0x0000000084500000|  0%| F|  |TAMS 0x0000000084400000, 0x0000000084400000| Untracked 
|  43|0x0000000084500000, 0x0000000084500000, 0x0000000084600000|  0%| F|  |TAMS 0x0000000084500000, 0x0000000084500000| Untracked 
|  44|0x0000000084600000, 0x0000000084600000, 0x0000000084700000|  0%| F|  |TAMS 0x0000000084600000, 0x0000000084600000| Untracked 
|  45|0x0000000084700000, 0x0000000084700000, 0x0000000084800000|  0%| F|  |TAMS 0x0000000084700000, 0x0000000084700000| Untracked 
|  46|0x0000000084800000, 0x0000000084800000, 0x0000000084900000|  0%| F|  |TAMS 0x0000000084800000, 0x0000000084800000| Untracked 
|  47|0x0000000084900000, 0x0000000084900000, 0x0000000084a00000|  0%| F|  |TAMS 0x0000000084900000, 0x0000000084900000| Untracked 
|  48|0x0000000084a00000, 0x0000000084a00000, 0x0000000084b00000|  0%| F|  |TAMS 0x0000000084a00000, 0x0000000084a00000| Untracked 
|  49|0x0000000084b00000, 0x0000000084b00000, 0x0000000084c00000|  0%| F|  |TAMS 0x0000000084b00000, 0x0000000084b00000| Untracked 
|  50|0x0000000084c00000, 0x0000000084c00000, 0x0000000084d00000|  0%| F|  |TAMS 0x0000000084c00000, 0x0000000084c00000| Untracked 
|  51|0x0000000084d00000, 0x0000000084d00000, 0x0000000084e00000|  0%| F|  |TAMS 0x0000000084d00000, 0x0000000084d00000| Untracked 
|  52|0x0000000084e00000, 0x0000000084e00000, 0x0000000084f00000|  0%| F|  |TAMS 0x0000000084e00000, 0x0000000084e00000| Untracked 
|  53|0x0000000084f00000, 0x0000000084f00000, 0x0000000085000000|  0%| F|  |TAMS 0x0000000084f00000, 0x0000000084f00000| Untracked 
|  54|0x0000000085000000, 0x0000000085000000, 0x0000000085100000|  0%| F|  |TAMS 0x0000000085000000, 0x0000000085000000| Untracked 
|  55|0x0000000085100000, 0x0000000085100000, 0x0000000085200000|  0%| F|  |TAMS 0x0000000085100000, 0x0000000085100000| Untracked 
|  56|0x0000000085200000, 0x0000000085200000, 0x0000000085300000|  0%| F|  |TAMS 0x0000000085200000, 0x0000000085200000| Untracked 
|  57|0x0000000085300000, 0x0000000085300000, 0x0000000085400000|  0%| F|  |TAMS 0x0000000085300000, 0x0000000085300000| Untracked 
|  58|0x0000000085400000, 0x0000000085400000, 0x0000000085500000|  0%| F|  |TAMS 0x0000000085400000, 0x0000000085400000| Untracked 
|  59|0x0000000085500000, 0x0000000085500000, 0x0000000085600000|  0%| F|  |TAMS 0x0000000085500000, 0x0000000085500000| Untracked 
|  60|0x0000000085600000, 0x0000000085600000, 0x0000000085700000|  0%| F|  |TAMS 0x0000000085600000, 0x0000000085600000| Untracked 
|  61|0x0000000085700000, 0x0000000085700000, 0x0000000085800000|  0%| F|  |TAMS 0x0000000085700000, 0x0000000085700000| Untracked 
|  62|0x0000000085800000, 0x0000000085800000, 0x0000000085900000|  0%| F|  |TAMS 0x0000000085800000, 0x0000000085800000| Untracked 
|  63|0x0000000085900000, 0x0000000085900000, 0x0000000085a00000|  0%| F|  |TAMS 0x0000000085900000, 0x0000000085900000| Untracked 
|  64|0x0000000085a00000, 0x0000000085a00000, 0x0000000085b00000|  0%| F|  |TAMS 0x0000000085a00000, 0x0000000085a00000| Untracked 
|  65|0x0000000085b00000, 0x0000000085b00000, 0x0000000085c00000|  0%| F|  |TAMS 0x0000000085b00000, 0x0000000085b00000| Untracked 
|  66|0x0000000085c00000, 0x0000000085c00000, 0x0000000085d00000|  0%| F|  |TAMS 0x0000000085c00000, 0x0000000085c00000| Untracked 
|  67|0x0000000085d00000, 0x0000000085d00000, 0x0000000085e00000|  0%| F|  |TAMS 0x0000000085d00000, 0x0000000085d00000| Untracked 
|  68|0x0000000085e00000, 0x0000000085e00000, 0x0000000085f00000|  0%| F|  |TAMS 0x0000000085e00000, 0x0000000085e00000| Untracked 
|  69|0x0000000085f00000, 0x0000000085f00000, 0x0000000086000000|  0%| F|  |TAMS 0x0000000085f00000, 0x0000000085f00000| Untracked 
|  70|0x0000000086000000, 0x0000000086000000, 0x0000000086100000|  0%| F|  |TAMS 0x0000000086000000, 0x0000000086000000| Untracked 
|  71|0x0000000086100000, 0x0000000086100000, 0x0000000086200000|  0%| F|  |TAMS 0x0000000086100000, 0x0000000086100000| Untracked 
|  72|0x0000000086200000, 0x0000000086200000, 0x0000000086300000|  0%| F|  |TAMS 0x0000000086200000, 0x0000000086200000| Untracked 
|  73|0x0000000086300000, 0x0000000086300000, 0x0000000086400000|  0%| F|  |TAMS 0x0000000086300000, 0x0000000086300000| Untracked 
|  74|0x0000000086400000, 0x0000000086400000, 0x0000000086500000|  0%| F|  |TAMS 0x0000000086400000, 0x0000000086400000| Untracked 
|  75|0x0000000086500000, 0x00000000865244a0, 0x0000000086600000| 14%| S|CS|TAMS 0x0000000086500000, 0x0000000086500000| Complete 
|  76|0x0000000086600000, 0x0000000086700000, 0x0000000086700000|100%| S|CS|TAMS 0x0000000086600000, 0x0000000086600000| Complete 
|  77|0x0000000086700000, 0x0000000086800000, 0x0000000086800000|100%| S|CS|TAMS 0x0000000086700000, 0x0000000086700000| Complete 
|  78|0x0000000086800000, 0x0000000086900000, 0x0000000086900000|100%| S|CS|TAMS 0x0000000086800000, 0x0000000086800000| Complete 
|  79|0x0000000086900000, 0x0000000086a00000, 0x0000000086a00000|100%| S|CS|TAMS 0x0000000086900000, 0x0000000086900000| Complete 
|  80|0x0000000086a00000, 0x0000000086b00000, 0x0000000086b00000|100%| S|CS|TAMS 0x0000000086a00000, 0x0000000086a00000| Complete 
|  81|0x0000000086b00000, 0x0000000086c00000, 0x0000000086c00000|100%| S|CS|TAMS 0x0000000086b00000, 0x0000000086b00000| Complete 
|  82|0x0000000086c00000, 0x0000000086d00000, 0x0000000086d00000|100%| S|CS|TAMS 0x0000000086c00000, 0x0000000086c00000| Complete 
|  83|0x0000000086d00000, 0x0000000086d00000, 0x0000000086e00000|  0%| F|  |TAMS 0x0000000086d00000, 0x0000000086d00000| Untracked 
|  84|0x0000000086e00000, 0x0000000086e00000, 0x0000000086f00000|  0%| F|  |TAMS 0x0000000086e00000, 0x0000000086e00000| Untracked 
|  85|0x0000000086f00000, 0x0000000086f00000, 0x0000000087000000|  0%| F|  |TAMS 0x0000000086f00000, 0x0000000086f00000| Untracked 
|  86|0x0000000087000000, 0x0000000087000000, 0x0000000087100000|  0%| F|  |TAMS 0x0000000087000000, 0x0000000087000000| Untracked 
|  87|0x0000000087100000, 0x0000000087100000, 0x0000000087200000|  0%| F|  |TAMS 0x0000000087100000, 0x0000000087100000| Untracked 
|  88|0x0000000087200000, 0x0000000087200000, 0x0000000087300000|  0%| F|  |TAMS 0x0000000087200000, 0x0000000087200000| Untracked 
|  89|0x0000000087300000, 0x0000000087300000, 0x0000000087400000|  0%| F|  |TAMS 0x0000000087300000, 0x0000000087300000| Untracked 
|  90|0x0000000087400000, 0x0000000087400000, 0x0000000087500000|  0%| F|  |TAMS 0x0000000087400000, 0x0000000087400000| Untracked 
|  91|0x0000000087500000, 0x0000000087500000, 0x0000000087600000|  0%| F|  |TAMS 0x0000000087500000, 0x0000000087500000| Untracked 
|  92|0x0000000087600000, 0x0000000087600000, 0x0000000087700000|  0%| F|  |TAMS 0x0000000087600000, 0x0000000087600000| Untracked 
|  93|0x0000000087700000, 0x0000000087700000, 0x0000000087800000|  0%| F|  |TAMS 0x0000000087700000, 0x0000000087700000| Untracked 
|  94|0x0000000087800000, 0x0000000087800000, 0x0000000087900000|  0%| F|  |TAMS 0x0000000087800000, 0x0000000087800000| Untracked 
|  95|0x0000000087900000, 0x0000000087900000, 0x0000000087a00000|  0%| F|  |TAMS 0x0000000087900000, 0x0000000087900000| Untracked 
|  96|0x0000000087a00000, 0x0000000087a00000, 0x0000000087b00000|  0%| F|  |TAMS 0x0000000087a00000, 0x0000000087a00000| Untracked 
|  97|0x0000000087b00000, 0x0000000087b00000, 0x0000000087c00000|  0%| F|  |TAMS 0x0000000087b00000, 0x0000000087b00000| Untracked 
|  98|0x0000000087c00000, 0x0000000087c00000, 0x0000000087d00000|  0%| F|  |TAMS 0x0000000087c00000, 0x0000000087c00000| Untracked 
|  99|0x0000000087d00000, 0x0000000087d00000, 0x0000000087e00000|  0%| F|  |TAMS 0x0000000087d00000, 0x0000000087d00000| Untracked 
| 100|0x0000000087e00000, 0x0000000087e00000, 0x0000000087f00000|  0%| F|  |TAMS 0x0000000087e00000, 0x0000000087e00000| Untracked 
| 101|0x0000000087f00000, 0x0000000087f00000, 0x0000000088000000|  0%| F|  |TAMS 0x0000000087f00000, 0x0000000087f00000| Untracked 
| 102|0x0000000088000000, 0x0000000088000000, 0x0000000088100000|  0%| F|  |TAMS 0x0000000088000000, 0x0000000088000000| Untracked 
| 103|0x0000000088100000, 0x0000000088100000, 0x0000000088200000|  0%| F|  |TAMS 0x0000000088100000, 0x0000000088100000| Untracked 
| 104|0x0000000088200000, 0x0000000088200000, 0x0000000088300000|  0%| F|  |TAMS 0x0000000088200000, 0x0000000088200000| Untracked 
| 105|0x0000000088300000, 0x0000000088300000, 0x0000000088400000|  0%| F|  |TAMS 0x0000000088300000, 0x0000000088300000| Untracked 
| 106|0x0000000088400000, 0x0000000088400000, 0x0000000088500000|  0%| F|  |TAMS 0x0000000088400000, 0x0000000088400000| Untracked 
| 107|0x0000000088500000, 0x0000000088500000, 0x0000000088600000|  0%| F|  |TAMS 0x0000000088500000, 0x0000000088500000| Untracked 
| 108|0x0000000088600000, 0x0000000088700000, 0x0000000088700000|100%| E|  |TAMS 0x0000000088600000, 0x0000000088600000| Complete 
| 109|0x0000000088700000, 0x0000000088800000, 0x0000000088800000|100%| E|CS|TAMS 0x0000000088700000, 0x0000000088700000| Complete 
| 110|0x0000000088800000, 0x0000000088900000, 0x0000000088900000|100%| E|CS|TAMS 0x0000000088800000, 0x0000000088800000| Complete 
| 111|0x0000000088900000, 0x0000000088a00000, 0x0000000088a00000|100%| E|CS|TAMS 0x0000000088900000, 0x0000000088900000| Complete 
| 112|0x0000000088a00000, 0x0000000088b00000, 0x0000000088b00000|100%| E|CS|TAMS 0x0000000088a00000, 0x0000000088a00000| Complete 
| 113|0x0000000088b00000, 0x0000000088c00000, 0x0000000088c00000|100%| E|CS|TAMS 0x0000000088b00000, 0x0000000088b00000| Complete 
| 114|0x0000000088c00000, 0x0000000088d00000, 0x0000000088d00000|100%| E|CS|TAMS 0x0000000088c00000, 0x0000000088c00000| Complete 
| 115|0x0000000088d00000, 0x0000000088e00000, 0x0000000088e00000|100%| E|CS|TAMS 0x0000000088d00000, 0x0000000088d00000| Complete 
| 116|0x0000000088e00000, 0x0000000088f00000, 0x0000000088f00000|100%| E|CS|TAMS 0x0000000088e00000, 0x0000000088e00000| Complete 
| 117|0x0000000088f00000, 0x0000000089000000, 0x0000000089000000|100%| E|CS|TAMS 0x0000000088f00000, 0x0000000088f00000| Complete 
| 118|0x0000000089000000, 0x0000000089100000, 0x0000000089100000|100%| E|CS|TAMS 0x0000000089000000, 0x0000000089000000| Complete 
| 119|0x0000000089100000, 0x0000000089200000, 0x0000000089200000|100%| E|CS|TAMS 0x0000000089100000, 0x0000000089100000| Complete 
| 120|0x0000000089200000, 0x0000000089300000, 0x0000000089300000|100%| E|CS|TAMS 0x0000000089200000, 0x0000000089200000| Complete 
| 121|0x0000000089300000, 0x0000000089400000, 0x0000000089400000|100%| E|CS|TAMS 0x0000000089300000, 0x0000000089300000| Complete 
| 122|0x0000000089400000, 0x0000000089500000, 0x0000000089500000|100%| E|CS|TAMS 0x0000000089400000, 0x0000000089400000| Complete 
| 123|0x0000000089500000, 0x0000000089600000, 0x0000000089600000|100%| E|CS|TAMS 0x0000000089500000, 0x0000000089500000| Complete 
| 124|0x0000000089600000, 0x0000000089700000, 0x0000000089700000|100%| E|CS|TAMS 0x0000000089600000, 0x0000000089600000| Complete 
| 125|0x0000000089700000, 0x0000000089800000, 0x0000000089800000|100%| E|CS|TAMS 0x0000000089700000, 0x0000000089700000| Complete 
| 126|0x0000000089800000, 0x0000000089900000, 0x0000000089900000|100%| E|CS|TAMS 0x0000000089800000, 0x0000000089800000| Complete 
| 127|0x0000000089900000, 0x0000000089a00000, 0x0000000089a00000|100%| E|CS|TAMS 0x0000000089900000, 0x0000000089900000| Complete 
| 128|0x0000000089a00000, 0x0000000089b00000, 0x0000000089b00000|100%| E|CS|TAMS 0x0000000089a00000, 0x0000000089a00000| Complete 
| 129|0x0000000089b00000, 0x0000000089c00000, 0x0000000089c00000|100%| E|CS|TAMS 0x0000000089b00000, 0x0000000089b00000| Complete 
| 130|0x0000000089c00000, 0x0000000089d00000, 0x0000000089d00000|100%| E|CS|TAMS 0x0000000089c00000, 0x0000000089c00000| Complete 
| 131|0x0000000089d00000, 0x0000000089e00000, 0x0000000089e00000|100%| E|CS|TAMS 0x0000000089d00000, 0x0000000089d00000| Complete 
| 132|0x0000000089e00000, 0x0000000089f00000, 0x0000000089f00000|100%| E|CS|TAMS 0x0000000089e00000, 0x0000000089e00000| Complete 
| 133|0x0000000089f00000, 0x000000008a000000, 0x000000008a000000|100%| E|CS|TAMS 0x0000000089f00000, 0x0000000089f00000| Complete 
| 134|0x000000008a000000, 0x000000008a100000, 0x000000008a100000|100%| E|CS|TAMS 0x000000008a000000, 0x000000008a000000| Complete 
| 135|0x000000008a100000, 0x000000008a200000, 0x000000008a200000|100%| E|CS|TAMS 0x000000008a100000, 0x000000008a100000| Complete 
| 136|0x000000008a200000, 0x000000008a300000, 0x000000008a300000|100%| E|CS|TAMS 0x000000008a200000, 0x000000008a200000| Complete 
| 137|0x000000008a300000, 0x000000008a400000, 0x000000008a400000|100%| E|CS|TAMS 0x000000008a300000, 0x000000008a300000| Complete 
| 138|0x000000008a400000, 0x000000008a500000, 0x000000008a500000|100%| E|CS|TAMS 0x000000008a400000, 0x000000008a400000| Complete 
| 139|0x000000008a500000, 0x000000008a600000, 0x000000008a600000|100%| E|CS|TAMS 0x000000008a500000, 0x000000008a500000| Complete 
| 140|0x000000008a600000, 0x000000008a700000, 0x000000008a700000|100%| E|CS|TAMS 0x000000008a600000, 0x000000008a600000| Complete 
| 141|0x000000008a700000, 0x000000008a800000, 0x000000008a800000|100%| E|CS|TAMS 0x000000008a700000, 0x000000008a700000| Complete 
| 142|0x000000008a800000, 0x000000008a900000, 0x000000008a900000|100%| E|CS|TAMS 0x000000008a800000, 0x000000008a800000| Complete 
| 143|0x000000008a900000, 0x000000008aa00000, 0x000000008aa00000|100%| E|CS|TAMS 0x000000008a900000, 0x000000008a900000| Complete 
| 144|0x000000008aa00000, 0x000000008ab00000, 0x000000008ab00000|100%| E|CS|TAMS 0x000000008aa00000, 0x000000008aa00000| Complete 
| 145|0x000000008ab00000, 0x000000008ac00000, 0x000000008ac00000|100%| E|CS|TAMS 0x000000008ab00000, 0x000000008ab00000| Complete 
| 146|0x000000008ac00000, 0x000000008ad00000, 0x000000008ad00000|100%| E|CS|TAMS 0x000000008ac00000, 0x000000008ac00000| Complete 
| 147|0x000000008ad00000, 0x000000008ae00000, 0x000000008ae00000|100%| E|CS|TAMS 0x000000008ad00000, 0x000000008ad00000| Complete 
| 148|0x000000008ae00000, 0x000000008af00000, 0x000000008af00000|100%| E|CS|TAMS 0x000000008ae00000, 0x000000008ae00000| Complete 
| 149|0x000000008af00000, 0x000000008b000000, 0x000000008b000000|100%| E|CS|TAMS 0x000000008af00000, 0x000000008af00000| Complete 
| 150|0x000000008b000000, 0x000000008b100000, 0x000000008b100000|100%| E|CS|TAMS 0x000000008b000000, 0x000000008b000000| Complete 
| 151|0x000000008b100000, 0x000000008b200000, 0x000000008b200000|100%| E|CS|TAMS 0x000000008b100000, 0x000000008b100000| Complete 
| 152|0x000000008b200000, 0x000000008b300000, 0x000000008b300000|100%| E|CS|TAMS 0x000000008b200000, 0x000000008b200000| Complete 
| 153|0x000000008b300000, 0x000000008b400000, 0x000000008b400000|100%| E|CS|TAMS 0x000000008b300000, 0x000000008b300000| Complete 
| 154|0x000000008b400000, 0x000000008b500000, 0x000000008b500000|100%| E|CS|TAMS 0x000000008b400000, 0x000000008b400000| Complete 
| 155|0x000000008b500000, 0x000000008b600000, 0x000000008b600000|100%| E|  |TAMS 0x000000008b500000, 0x000000008b500000| Complete 
| 156|0x000000008b600000, 0x000000008b700000, 0x000000008b700000|100%| E|CS|TAMS 0x000000008b600000, 0x000000008b600000| Complete 
| 157|0x000000008b700000, 0x000000008b800000, 0x000000008b800000|100%| E|CS|TAMS 0x000000008b700000, 0x000000008b700000| Complete 
| 158|0x000000008b800000, 0x000000008b900000, 0x000000008b900000|100%| E|CS|TAMS 0x000000008b800000, 0x000000008b800000| Complete 
| 159|0x000000008b900000, 0x000000008ba00000, 0x000000008ba00000|100%| E|CS|TAMS 0x000000008b900000, 0x000000008b900000| Complete 
| 160|0x000000008ba00000, 0x000000008bb00000, 0x000000008bb00000|100%| E|CS|TAMS 0x000000008ba00000, 0x000000008ba00000| Complete 
| 161|0x000000008bb00000, 0x000000008bc00000, 0x000000008bc00000|100%| E|CS|TAMS 0x000000008bb00000, 0x000000008bb00000| Complete 
| 162|0x000000008bc00000, 0x000000008bd00000, 0x000000008bd00000|100%| E|CS|TAMS 0x000000008bc00000, 0x000000008bc00000| Complete 
| 163|0x000000008bd00000, 0x000000008be00000, 0x000000008be00000|100%| E|CS|TAMS 0x000000008bd00000, 0x000000008bd00000| Complete 
| 164|0x000000008be00000, 0x000000008bf00000, 0x000000008bf00000|100%| E|CS|TAMS 0x000000008be00000, 0x000000008be00000| Complete 
| 165|0x000000008bf00000, 0x000000008c000000, 0x000000008c000000|100%| E|CS|TAMS 0x000000008bf00000, 0x000000008bf00000| Complete 
| 166|0x000000008c000000, 0x000000008c100000, 0x000000008c100000|100%| E|CS|TAMS 0x000000008c000000, 0x000000008c000000| Complete 
| 167|0x000000008c100000, 0x000000008c200000, 0x000000008c200000|100%| E|CS|TAMS 0x000000008c100000, 0x000000008c100000| Complete 
| 168|0x000000008c200000, 0x000000008c300000, 0x000000008c300000|100%| E|CS|TAMS 0x000000008c200000, 0x000000008c200000| Complete 
| 169|0x000000008c300000, 0x000000008c400000, 0x000000008c400000|100%| E|CS|TAMS 0x000000008c300000, 0x000000008c300000| Complete 
| 170|0x000000008c400000, 0x000000008c500000, 0x000000008c500000|100%| E|CS|TAMS 0x000000008c400000, 0x000000008c400000| Complete 
| 171|0x000000008c500000, 0x000000008c600000, 0x000000008c600000|100%| E|CS|TAMS 0x000000008c500000, 0x000000008c500000| Complete 
| 172|0x000000008c600000, 0x000000008c700000, 0x000000008c700000|100%| E|CS|TAMS 0x000000008c600000, 0x000000008c600000| Complete 
| 173|0x000000008c700000, 0x000000008c800000, 0x000000008c800000|100%| E|CS|TAMS 0x000000008c700000, 0x000000008c700000| Complete 
| 174|0x000000008c800000, 0x000000008c900000, 0x000000008c900000|100%| E|CS|TAMS 0x000000008c800000, 0x000000008c800000| Complete 
| 175|0x000000008c900000, 0x000000008ca00000, 0x000000008ca00000|100%| E|CS|TAMS 0x000000008c900000, 0x000000008c900000| Complete 
| 176|0x000000008ca00000, 0x000000008cb00000, 0x000000008cb00000|100%| E|CS|TAMS 0x000000008ca00000, 0x000000008ca00000| Complete 
| 177|0x000000008cb00000, 0x000000008cc00000, 0x000000008cc00000|100%| E|CS|TAMS 0x000000008cb00000, 0x000000008cb00000| Complete 
| 178|0x000000008cc00000, 0x000000008cd00000, 0x000000008cd00000|100%| E|CS|TAMS 0x000000008cc00000, 0x000000008cc00000| Complete 

Card table byte_map: [0x0000026ba5d20000,0x0000026ba6120000] _byte_map_base: 0x0000026ba5913000

Marking Bits (Prev, Next): (CMBitMap*) 0x0000026b9ae6d880, (CMBitMap*) 0x0000026b9ae6d840
 Prev Bits: [0x0000026ba84c0000, 0x0000026baa458000)
 Next Bits: [0x0000026ba6520000, 0x0000026ba84b8000)

Polling page: 0x0000026b98df0000

Metaspace:

Usage:
  Non-class:     63.47 MB used.
      Class:     10.74 MB used.
       Both:     74.20 MB used.

Virtual space:
  Non-class space:      128.00 MB reserved,      63.81 MB ( 50%) committed,  2 nodes.
      Class space:        1.00 GB reserved,      11.06 MB (  1%) committed,  1 nodes.
             Both:        1.12 GB reserved,      74.88 MB (  6%) committed. 

Chunk freelists:
   Non-Class:  15.76 MB
       Class:  4.77 MB
        Both:  20.53 MB

MaxMetaspaceSize: unlimited
CompressedClassSpaceSize: 1.00 GB
Initial GC threshold: 21.00 MB
Current GC threshold: 88.38 MB
CDS: on
MetaspaceReclaimPolicy: balanced
 - commit_granule_bytes: 65536.
 - commit_granule_words: 8192.
 - virtual_space_node_default_size: 8388608.
 - enlarge_chunks_in_place: 1.
 - new_chunks_are_fully_committed: 0.
 - uncommit_free_chunks: 1.
 - use_allocation_guard: 0.
 - handle_deallocations: 1.


Internal statistics:

num_allocs_failed_limit: 9.
num_arena_births: 1064.
num_arena_deaths: 0.
num_vsnodes_births: 3.
num_vsnodes_deaths: 0.
num_space_committed: 1198.
num_space_uncommitted: 0.
num_chunks_returned_to_freelist: 9.
num_chunks_taken_from_freelist: 3867.
num_chunk_merges: 9.
num_chunk_splits: 2775.
num_chunks_enlarged: 2038.
num_inconsistent_stats: 0.

CodeCache: size=49152Kb used=16476Kb max_used=17035Kb free=32675Kb
 bounds [0x0000026ba2920000, 0x0000026ba39d0000, 0x0000026ba5920000]
 total_blobs=10564 nmethods=9858 adapters=632
 compilation: enabled
              stopped_count=0, restarted_count=0
 full_count=0

Compilation events (20 events):
Event: 634.880 Thread 0x0000026bac63de10 nmethod 9849 0x0000026ba38bd090 code [0x0000026ba38bd220, 0x0000026ba38bd348]
Event: 635.164 Thread 0x0000026bac63de10 9850   !   1       org.apache.catalina.core.ContainerBase::getRealmInternal (38 bytes)
Event: 635.165 Thread 0x0000026bac63de10 nmethod 9850 0x0000026ba38bc910 code [0x0000026ba38bcb00, 0x0000026ba38bcdd8]
Event: 645.178 Thread 0x0000026bac63de10 9851   !   1       org.apache.catalina.core.ContainerBase::getClusterInternal (38 bytes)
Event: 645.179 Thread 0x0000026bac63de10 nmethod 9851 0x0000026ba38bc190 code [0x0000026ba38bc380, 0x0000026ba38bc658]
Event: 645.179 Thread 0x0000026bac63de10 9854  s!   1       org.apache.catalina.core.ContainerBase::backgroundProcess (172 bytes)
Event: 645.180 Thread 0x0000026bac63de10 nmethod 9854 0x0000026ba38bae10 code [0x0000026ba38bb0a0, 0x0000026ba38bbb38]
Event: 645.180 Thread 0x0000026bac63de10 9853   !   1       org.apache.catalina.core.ContainerBase$ContainerBackgroundProcessor::processChildren (202 bytes)
Event: 645.180 Thread 0x0000026bac63de10 nmethod 9853 0x0000026ba38b9090 code [0x0000026ba38b9380, 0x0000026ba38ba348]
Event: 645.180 Thread 0x0000026bac63de10 9852   !   1       org.apache.catalina.core.StandardContext::getLoader (38 bytes)
Event: 645.181 Thread 0x0000026bac63de10 nmethod 9852 0x0000026ba38b8910 code [0x0000026ba38b8b00, 0x0000026ba38b8df8]
Event: 645.181 Thread 0x0000026bac63de10 9855       1       org.apache.catalina.mapper.MapperListener::lifecycleEvent (180 bytes)
Event: 645.181 Thread 0x0000026bac63de10 nmethod 9855 0x0000026ba38b7a10 code [0x0000026ba38b7c80, 0x0000026ba38b8538]
Event: 765.284 Thread 0x0000026bac63de10 9856       1       org.apache.catalina.core.StandardContext::getThreadBindingListener (5 bytes)
Event: 765.284 Thread 0x0000026bac63de10 nmethod 9856 0x0000026ba38b7710 code [0x0000026ba38b78a0, 0x0000026ba38b7978]
Event: 775.165 Thread 0x0000026bac63de10 9857       1       org.apache.tomcat.util.buf.ByteChunk::equals (70 bytes)
Event: 775.165 Thread 0x0000026bac63de10 nmethod 9857 0x0000026ba38b6e90 code [0x0000026ba38b7060, 0x0000026ba38b7418]
Event: 775.166 Thread 0x0000026bac63de10 9858       1       java.util.Calendar::getBaseStyle (6 bytes)
Event: 775.166 Thread 0x0000026bac63de10 nmethod 9858 0x0000026ba38b6b90 code [0x0000026ba38b6d20, 0x0000026ba38b6df8]
Event: 775.166 Thread 0x0000026bac63de10 9859   !   1       sun.nio.ch.SocketChannelImpl::write (186 bytes)

GC Heap History (20 events):
Event: 5.300 GC heap before
{Heap before GC invocations=10 (full 0):
 garbage-first heap   total 78848K, used 63037K [0x0000000081a00000, 0x0000000100000000)
  region size 1024K, 46 young (47104K), 5 survivors (5120K)
 Metaspace       used 46323K, committed 46848K, reserved 1114112K
  class space    used 6468K, committed 6720K, reserved 1048576K
}
Event: 5.309 GC heap after
{Heap after GC invocations=11 (full 0):
 garbage-first heap   total 78848K, used 25327K [0x0000000081a00000, 0x0000000100000000)
  region size 1024K, 6 young (6144K), 6 survivors (6144K)
 Metaspace       used 46323K, committed 46848K, reserved 1114112K
  class space    used 6468K, committed 6720K, reserved 1048576K
}
Event: 5.314 GC heap before
{Heap before GC invocations=11 (full 0):
 garbage-first heap   total 78848K, used 25327K [0x0000000081a00000, 0x0000000100000000)
  region size 1024K, 7 young (7168K), 6 survivors (6144K)
 Metaspace       used 46343K, committed 46912K, reserved 1114112K
  class space    used 6474K, committed 6720K, reserved 1048576K
}
Event: 5.319 GC heap after
{Heap after GC invocations=12 (full 0):
 garbage-first heap   total 78848K, used 26116K [0x0000000081a00000, 0x0000000100000000)
  region size 1024K, 1 young (1024K), 1 survivors (1024K)
 Metaspace       used 46343K, committed 46912K, reserved 1114112K
  class space    used 6474K, committed 6720K, reserved 1048576K
}
Event: 5.919 GC heap before
{Heap before GC invocations=12 (full 0):
 garbage-first heap   total 78848K, used 58884K [0x0000000081a00000, 0x0000000100000000)
  region size 1024K, 34 young (34816K), 1 survivors (1024K)
 Metaspace       used 53733K, committed 54208K, reserved 1114112K
  class space    used 7645K, committed 7872K, reserved 1048576K
}
Event: 5.922 GC heap after
{Heap after GC invocations=13 (full 0):
 garbage-first heap   total 78848K, used 26519K [0x0000000081a00000, 0x0000000100000000)
  region size 1024K, 2 young (2048K), 2 survivors (2048K)
 Metaspace       used 53733K, committed 54208K, reserved 1114112K
  class space    used 7645K, committed 7872K, reserved 1048576K
}
Event: 6.266 GC heap before
{Heap before GC invocations=14 (full 0):
 garbage-first heap   total 78848K, used 60311K [0x0000000081a00000, 0x0000000100000000)
  region size 1024K, 35 young (35840K), 2 survivors (2048K)
 Metaspace       used 54277K, committed 54784K, reserved 1114112K
  class space    used 7765K, committed 8000K, reserved 1048576K
}
Event: 6.269 GC heap after
{Heap after GC invocations=15 (full 0):
 garbage-first heap   total 78848K, used 26813K [0x0000000081a00000, 0x0000000100000000)
  region size 1024K, 2 young (2048K), 2 survivors (2048K)
 Metaspace       used 54277K, committed 54784K, reserved 1114112K
  class space    used 7765K, committed 8000K, reserved 1048576K
}
Event: 6.286 GC heap before
{Heap before GC invocations=15 (full 0):
 garbage-first heap   total 78848K, used 26813K [0x0000000081a00000, 0x0000000100000000)
  region size 1024K, 3 young (3072K), 2 survivors (2048K)
 Metaspace       used 54402K, committed 54976K, reserved 1114112K
  class space    used 7795K, committed 8064K, reserved 1048576K
}
Event: 6.290 GC heap after
{Heap after GC invocations=16 (full 0):
 garbage-first heap   total 78848K, used 26881K [0x0000000081a00000, 0x0000000100000000)
  region size 1024K, 1 young (1024K), 1 survivors (1024K)
 Metaspace       used 54402K, committed 54976K, reserved 1114112K
  class space    used 7795K, committed 8064K, reserved 1048576K
}
Event: 7.353 GC heap before
{Heap before GC invocations=16 (full 0):
 garbage-first heap   total 78848K, used 61697K [0x0000000081a00000, 0x0000000100000000)
  region size 1024K, 35 young (35840K), 1 survivors (1024K)
 Metaspace       used 60791K, committed 61376K, reserved 1114112K
  class space    used 8667K, committed 8960K, reserved 1048576K
}
Event: 7.357 GC heap after
{Heap after GC invocations=17 (full 0):
 garbage-first heap   total 78848K, used 29564K [0x0000000081a00000, 0x0000000100000000)
  region size 1024K, 3 young (3072K), 3 survivors (3072K)
 Metaspace       used 60791K, committed 61376K, reserved 1114112K
  class space    used 8667K, committed 8960K, reserved 1048576K
}
Event: 7.738 GC heap before
{Heap before GC invocations=17 (full 0):
 garbage-first heap   total 78848K, used 61308K [0x0000000081a00000, 0x0000000100000000)
  region size 1024K, 35 young (35840K), 3 survivors (3072K)
 Metaspace       used 65170K, committed 65792K, reserved 1114112K
  class space    used 9480K, committed 9792K, reserved 1048576K
}
Event: 7.743 GC heap after
{Heap after GC invocations=18 (full 0):
 garbage-first heap   total 78848K, used 32080K [0x0000000081a00000, 0x0000000100000000)
  region size 1024K, 3 young (3072K), 3 survivors (3072K)
 Metaspace       used 65170K, committed 65792K, reserved 1114112K
  class space    used 9480K, committed 9792K, reserved 1048576K
}
Event: 8.122 GC heap before
{Heap before GC invocations=18 (full 0):
 garbage-first heap   total 78848K, used 62800K [0x0000000081a00000, 0x0000000100000000)
  region size 1024K, 33 young (33792K), 3 survivors (3072K)
 Metaspace       used 66243K, committed 66816K, reserved 1114112K
  class space    used 9610K, committed 9920K, reserved 1048576K
}
Event: 8.128 GC heap after
{Heap after GC invocations=19 (full 0):
 garbage-first heap   total 78848K, used 35483K [0x0000000081a00000, 0x0000000100000000)
  region size 1024K, 5 young (5120K), 5 survivors (5120K)
 Metaspace       used 66243K, committed 66816K, reserved 1114112K
  class space    used 9610K, committed 9920K, reserved 1048576K
}
Event: 8.292 GC heap before
{Heap before GC invocations=19 (full 0):
 garbage-first heap   total 78848K, used 63131K [0x0000000081a00000, 0x0000000100000000)
  region size 1024K, 32 young (32768K), 5 survivors (5120K)
 Metaspace       used 66596K, committed 67200K, reserved 1114112K
  class space    used 9642K, committed 9984K, reserved 1048576K
}
Event: 8.299 GC heap after
{Heap after GC invocations=20 (full 0):
 garbage-first heap   total 183296K, used 38475K [0x0000000081a00000, 0x0000000100000000)
  region size 1024K, 3 young (3072K), 3 survivors (3072K)
 Metaspace       used 66596K, committed 67200K, reserved 1114112K
  class space    used 9642K, committed 9984K, reserved 1048576K
}
Event: 134.226 GC heap before
{Heap before GC invocations=20 (full 0):
 garbage-first heap   total 183296K, used 135755K [0x0000000081a00000, 0x0000000100000000)
  region size 1024K, 99 young (101376K), 3 survivors (3072K)
 Metaspace       used 75742K, committed 76416K, reserved 1179648K
  class space    used 10957K, committed 11264K, reserved 1048576K
}
Event: 134.235 GC heap after
{Heap after GC invocations=21 (full 0):
 garbage-first heap   total 183296K, used 42853K [0x0000000081a00000, 0x0000000100000000)
  region size 1024K, 8 young (8192K), 8 survivors (8192K)
 Metaspace       used 75742K, committed 76416K, reserved 1179648K
  class space    used 10957K, committed 11264K, reserved 1048576K
}

Dll operation events (14 events):
Event: 0.022 Loaded shared library C:\Program Files\Amazon Corretto\jdk17.0.11_9\bin\java.dll
Event: 0.042 Loaded shared library C:\Program Files\Amazon Corretto\jdk17.0.11_9\bin\jsvml.dll
Event: 0.183 Loaded shared library C:\Program Files\Amazon Corretto\jdk17.0.11_9\bin\zip.dll
Event: 0.189 Loaded shared library C:\Program Files\Amazon Corretto\jdk17.0.11_9\bin\instrument.dll
Event: 0.194 Loaded shared library C:\Program Files\Amazon Corretto\jdk17.0.11_9\bin\net.dll
Event: 0.196 Loaded shared library C:\Program Files\Amazon Corretto\jdk17.0.11_9\bin\nio.dll
Event: 0.202 Loaded shared library C:\Program Files\Amazon Corretto\jdk17.0.11_9\bin\zip.dll
Event: 0.274 Loaded shared library C:\Users\user\AppData\Local\JetBrains\IntelliJ IDEA 2024.1.4\bin\breakgen64.dll
Event: 0.279 Loaded shared library C:\Program Files\Amazon Corretto\jdk17.0.11_9\bin\jimage.dll
Event: 0.289 Loaded shared library C:\Program Files\Amazon Corretto\jdk17.0.11_9\bin\extnet.dll
Event: 0.302 Loaded shared library C:\Program Files\Amazon Corretto\jdk17.0.11_9\bin\management.dll
Event: 0.314 Loaded shared library C:\Program Files\Amazon Corretto\jdk17.0.11_9\bin\management_ext.dll
Event: 1.599 Loaded shared library C:\Program Files\Amazon Corretto\jdk17.0.11_9\bin\sunmscapi.dll
Event: 3.891 Loaded shared library C:\Program Files\Amazon Corretto\jdk17.0.11_9\bin\verify.dll

Deoptimization events (8 events):
Event: 2.967 Thread 0x0000026bf25c1f50 DEOPT PACKING pc=0x0000026ba3025e6c sp=0x000000a322ffc440
Event: 2.967 Thread 0x0000026bf25c1f50 DEOPT UNPACKING pc=0x0000026ba2977143 sp=0x000000a322ffb8f8 mode 0
Event: 7.114 Thread 0x0000026bf25c1f50 DEOPT PACKING pc=0x0000026ba2e72ba4 sp=0x000000a322ffb880
Event: 7.114 Thread 0x0000026bf25c1f50 DEOPT UNPACKING pc=0x0000026ba2977143 sp=0x000000a322ffadd8 mode 0
Event: 7.872 Thread 0x0000026bf25c1f50 DEOPT PACKING pc=0x0000026ba2eda622 sp=0x000000a322ffc630
Event: 7.872 Thread 0x0000026bf25c1f50 DEOPT UNPACKING pc=0x0000026ba2977143 sp=0x000000a322ffbb38 mode 3
Event: 7.873 Thread 0x0000026bf25c1f50 DEOPT PACKING pc=0x0000026ba2ed5315 sp=0x000000a322ffc5f0
Event: 7.873 Thread 0x0000026bf25c1f50 DEOPT UNPACKING pc=0x0000026ba2977143 sp=0x000000a322ffbb38 mode 3

Classes unloaded (0 events):
No events

Classes redefined (0 events):
No events

Internal exceptions (20 events):
Event: 7.968 Thread 0x0000026bf25c1f50 Exception <a 'java/io/FileNotFoundException'{0x00000000856dd558}> (0x00000000856dd558) 
thrown [s\src\hotspot\share\prims\jni.cpp, line 516]
Event: 7.969 Thread 0x0000026bf25c1f50 Exception <a 'java/io/FileNotFoundException'{0x00000000856e9638}> (0x00000000856e9638) 
thrown [s\src\hotspot\share\prims\jni.cpp, line 516]
Event: 8.164 Thread 0x0000026bf2671a40 Exception <a 'java/lang/reflect/InvocationTargetException'{0x000000008632e7f0}> (0x000000008632e7f0) 
thrown [s\src\hotspot\share\runtime\reflection.cpp, line 1121]
Event: 8.598 Thread 0x0000026bf25c1f50 Exception <a 'sun/nio/fs/WindowsException'{0x000000008b2adef8}> (0x000000008b2adef8) 
thrown [s\src\hotspot\share\prims\jni.cpp, line 516]
Event: 8.647 Thread 0x0000026bf25c1f50 Exception <a 'java/lang/IncompatibleClassChangeError'{0x000000008aeac230}: Found class java.lang.Object, but interface was expected> (0x000000008aeac230) 
thrown [s\src\hotspot\share\interpreter\linkResolver.cpp, line 826]
Event: 8.670 Thread 0x0000026bf2671a40 Exception <a 'java/lang/reflect/InvocationTargetException'{0x000000008ac77718}> (0x000000008ac77718) 
thrown [s\src\hotspot\share\runtime\reflection.cpp, line 1121]
Event: 8.685 Thread 0x0000026bf25c1f50 Exception <a 'java/lang/NoSuchMethodError'{0x000000008acf9be0}: 'void java.lang.invoke.DirectMethodHandle$Holder.invokeVirtual(java.lang.Object, java.lang.Object, long)'> (0x000000008acf9be0) 
thrown [s\src\hotspot\share\interpreter\linkResolver.cpp, line 759]
Event: 8.775 Thread 0x0000026bf25c1f50 Exception <a 'java/lang/IncompatibleClassChangeError'{0x000000008a64b870}: Found class java.lang.Object, but interface was expected> (0x000000008a64b870) 
thrown [s\src\hotspot\share\interpreter\linkResolver.cpp, line 826]
Event: 8.888 Thread 0x0000026bf25c1f50 Exception <a 'java/lang/NoSuchMethodError'{0x0000000089e35d60}: 'java.lang.Object java.lang.invoke.DirectMethodHandle$Holder.newInvokeSpecial(java.lang.Object, java.lang.Object, int, java.lang.Object, java.lang.Object)'> (0x0000000089e35d60) 
thrown [s\src\hotspot\share\interpreter\linkResolver.cpp, line 759]
Event: 67.738 Thread 0x0000026bf4402110 Exception <a 'java/lang/NoSuchMethodError'{0x000000008906b0d0}: 'java.lang.Object java.lang.invoke.DirectMethodHandle$Holder.invokeSpecial(java.lang.Object, java.lang.Object, java.lang.Object, java.lang.Object, java.lang.Object, long)'> (0x000000008906b0d0) 
thrown [s\src\hotspot\share\interpreter\linkResolver.cpp, line 759]
Event: 67.739 Thread 0x0000026bf4402110 Exception <a 'java/lang/NoSuchMethodError'{0x000000008906eb10}: 'java.lang.Object java.lang.invoke.Invokers$Holder.linkToTargetMethod(java.lang.Object, java.lang.Object, java.lang.Object, long, java.lang.Object)'> (0x000000008906eb10) 
thrown [s\src\hotspot\share\interpreter\linkResolver.cpp, line 759]
Event: 67.968 Thread 0x0000026bf4402110 Exception <a 'java/lang/NoSuchMethodError'{0x00000000889abf70}: 'void java.lang.invoke.DirectMethodHandle$Holder.invokeSpecialIFC(java.lang.Object, java.lang.Object, int, java.lang.Object, java.lang.Object, java.lang.Object, java.lang.Object)'> (0x00000000889abf70) 
thrown [s\src\hotspot\share\interpreter\linkResolver.cpp, line 759]
Event: 68.055 Thread 0x0000026bf4402110 Exception <a 'java/lang/NoSuchMethodError'{0x00000000886206f0}: 'java.lang.Object java.lang.invoke.DirectMethodHandle$Holder.newInvokeSpecial(java.lang.Object, long)'> (0x00000000886206f0) 
thrown [s\src\hotspot\share\interpreter\linkResolver.cpp, line 759]
Event: 68.184 Thread 0x0000026bf44053b0 Exception <a 'java/lang/NoSuchMethodError'{0x0000000089ef79a8}: 'java.lang.Object java.lang.invoke.DirectMethodHandle$Holder.invokeStatic(java.lang.Object, int, int)'> (0x0000000089ef79a8) 
thrown [s\src\hotspot\share\interpreter\linkResolver.cpp, line 759]
Event: 78.137 Thread 0x0000026bf43fe450 Exception <a 'java/lang/NoSuchMethodError'{0x0000000087e964b8}: 'java.lang.Object java.lang.invoke.DirectMethodHandle$Holder.invokeInterface(java.lang.Object, java.lang.Object, java.lang.Object, java.lang.Object)'> (0x0000000087e964b8) 
thrown [s\src\hotspot\share\interpreter\linkResolver.cpp, line 759]
Event: 78.137 Thread 0x0000026bf43fdf40 Exception <a 'java/lang/NoSuchMethodError'{0x0000000087e36708}: 'java.lang.Object java.lang.invoke.DirectMethodHandle$Holder.invokeInterface(java.lang.Object, java.lang.Object, java.lang.Object, java.lang.Object)'> (0x0000000087e36708) 
thrown [s\src\hotspot\share\interpreter\linkResolver.cpp, line 759]
Event: 85.433 Thread 0x0000026bf4404990 Exception <a 'java/lang/NoSuchMethodError'{0x000000008783c328}: 'java.lang.Object java.lang.invoke.DirectMethodHandle$Holder.invokeInterface(java.lang.Object, java.lang.Object, int)'> (0x000000008783c328) 
thrown [s\src\hotspot\share\interpreter\linkResolver.cpp, line 759]
Event: 85.435 Thread 0x0000026bf4404990 Exception <a 'java/lang/IncompatibleClassChangeError'{0x0000000087857360}: Found class java.lang.Object, but interface was expected> (0x0000000087857360) 
thrown [s\src\hotspot\share\interpreter\linkResolver.cpp, line 826]
Event: 85.439 Thread 0x0000026bf4404990 Exception <a 'java/lang/NoSuchMethodError'{0x00000000878a98a8}: 'java.lang.Object java.lang.invoke.DirectMethodHandle$Holder.invokeSpecial(java.lang.Object, java.lang.Object, long, long, java.lang.Object, java.lang.Object, java.lang.Object, java.lang.Object, int, java.lang.Object)'> (0x00000000878a98a8) 
thrown [s\src\hotspot\share\interpreter\linkResolver.cpp, line 759]
Event: 85.439 Thread 0x0000026bf4404990 Exception <a 'java/lang/NoSuchMethodError'{0x00000000878ae3c0}: 'java.lang.Object java.lang.invoke.DelegatingMethodHandle$Holder.reinvoke_L(java.lang.Object, long, long, java.lang.Object, java.lang.Object, java.lang.Object, java.lang.Object, int, java.lang.Object)'> (0x00000000878ae3c0) 
thrown [s\src\hotspot\share\interpreter\linkResolver.cpp, line 759]

VM Operations (20 events):
Event: 307.545 Executing VM operation: Cleanup
Event: 307.545 Executing VM operation: Cleanup done
Event: 308.552 Executing VM operation: Cleanup
Event: 308.552 Executing VM operation: Cleanup done
Event: 309.561 Executing VM operation: Cleanup
Event: 309.561 Executing VM operation: Cleanup done
Event: 324.671 Executing VM operation: Cleanup
Event: 324.671 Executing VM operation: Cleanup done
Event: 407.278 Executing VM operation: Cleanup
Event: 407.278 Executing VM operation: Cleanup done
Event: 549.309 Executing VM operation: Cleanup
Event: 549.309 Executing VM operation: Cleanup done
Event: 554.348 Executing VM operation: Cleanup
Event: 554.348 Executing VM operation: Cleanup done
Event: 560.374 Executing VM operation: Cleanup
Event: 560.374 Executing VM operation: Cleanup done
Event: 601.612 Executing VM operation: HandshakeAllThreads
Event: 601.613 Executing VM operation: HandshakeAllThreads done
Event: 656.014 Executing VM operation: Cleanup
Event: 656.014 Executing VM operation: Cleanup done

Events (20 events):
Event: 112.685 Thread 0x0000026bf45caf30 Thread added: 0x0000026bf45caf30
Event: 112.685 Thread 0x0000026bf2dc7850 Thread added: 0x0000026bf2dc7850
Event: 115.935 Thread 0x0000026bf2dc7850 Thread exited: 0x0000026bf2dc7850
Event: 124.664 Thread 0x0000026bf45caf30 Thread exited: 0x0000026bf45caf30
Event: 134.223 Thread 0x0000026bf4642840 Thread added: 0x0000026bf4642840
Event: 134.223 Thread 0x0000026bf23cb190 Thread added: 0x0000026bf23cb190
Event: 139.169 Thread 0x0000026bf4642840 Thread exited: 0x0000026bf4642840
Event: 139.169 Thread 0x0000026bf23cb190 Thread exited: 0x0000026bf23cb190
Event: 266.822 Thread 0x0000026bf27a71f0 Thread added: 0x0000026bf27a71f0
Event: 266.823 Thread 0x0000026bac946a70 Thread added: 0x0000026bac946a70
Event: 271.251 Thread 0x0000026bac946a70 Thread exited: 0x0000026bac946a70
Event: 271.252 Thread 0x0000026bf27a71f0 Thread exited: 0x0000026bf27a71f0
Event: 307.333 Thread 0x0000026bac946a70 Thread added: 0x0000026bac946a70
Event: 309.201 Thread 0x0000026bf4402b30 Thread added: 0x0000026bf4402b30
Event: 314.210 Thread 0x0000026bac946a70 Thread exited: 0x0000026bac946a70
Event: 406.486 Thread 0x0000026bf4402b30 Thread exited: 0x0000026bf4402b30
Event: 553.915 Thread 0x0000026bf27a71f0 Thread added: 0x0000026bf27a71f0
Event: 559.495 Thread 0x0000026bf27a71f0 Thread exited: 0x0000026bf27a71f0
Event: 559.500 Thread 0x0000026bf27a71f0 Thread added: 0x0000026bf27a71f0
Event: 564.838 Thread 0x0000026bf27a71f0 Thread exited: 0x0000026bf27a71f0


Dynamic libraries:
0x00007ff7cf6f0000 - 0x00007ff7cf6fe000 	C:\Program Files\Amazon Corretto\jdk17.0.11_9\bin\java.exe
0x00007ffa87890000 - 0x00007ffa87a88000 	C:\WINDOWS\SYSTEM32\ntdll.dll
0x00007ffa86fd0000 - 0x00007ffa87092000 	C:\WINDOWS\System32\KERNEL32.DLL
0x00007ffa851c0000 - 0x00007ffa854be000 	C:\WINDOWS\System32\KERNELBASE.dll
0x00007ffa857b0000 - 0x00007ffa858b0000 	C:\WINDOWS\System32\ucrtbase.dll
0x00007ffa7e8f0000 - 0x00007ffa7e907000 	C:\Program Files\Amazon Corretto\jdk17.0.11_9\bin\jli.dll
0x00007ffa7e8d0000 - 0x00007ffa7e8eb000 	C:\Program Files\Amazon Corretto\jdk17.0.11_9\bin\VCRUNTIME140.dll
0x00007ffa85cc0000 - 0x00007ffa85e5d000 	C:\WINDOWS\System32\USER32.dll
0x00007ffa856d0000 - 0x00007ffa856f2000 	C:\WINDOWS\System32\win32u.dll
0x00007ffa86000000 - 0x00007ffa8602b000 	C:\WINDOWS\System32\GDI32.dll
0x00007ffa855b0000 - 0x00007ffa856c7000 	C:\WINDOWS\System32\gdi32full.dll
0x00007ffa854c0000 - 0x00007ffa8555d000 	C:\WINDOWS\System32\msvcp_win.dll
0x00007ffa6e350000 - 0x00007ffa6e5ea000 	C:\WINDOWS\WinSxS\amd64_microsoft.windows.common-controls_6595b64144ccf1df_6.0.19041.4355_none_60b8b9eb71f62e16\COMCTL32.dll
0x00007ffa87120000 - 0x00007ffa871be000 	C:\WINDOWS\System32\msvcrt.dll
0x00007ffa87820000 - 0x00007ffa8784f000 	C:\WINDOWS\System32\IMM32.DLL
0x00007ffa80570000 - 0x00007ffa8057c000 	C:\Program Files\Amazon Corretto\jdk17.0.11_9\bin\vcruntime140_1.dll
0x00007ffa529f0000 - 0x00007ffa52a7d000 	C:\Program Files\Amazon Corretto\jdk17.0.11_9\bin\msvcp140.dll
0x00007ffa293e0000 - 0x00007ffa2a042000 	C:\Program Files\Amazon Corretto\jdk17.0.11_9\bin\server\jvm.dll
0x00007ffa860e0000 - 0x00007ffa86191000 	C:\WINDOWS\System32\ADVAPI32.dll
0x00007ffa87220000 - 0x00007ffa872bf000 	C:\WINDOWS\System32\sechost.dll
0x00007ffa86d90000 - 0x00007ffa86eb3000 	C:\WINDOWS\System32\RPCRT4.dll
0x00007ffa85190000 - 0x00007ffa851b7000 	C:\WINDOWS\System32\bcrypt.dll
0x00007ffa84d90000 - 0x00007ffa84ddb000 	C:\WINDOWS\SYSTEM32\POWRPROF.dll
0x00007ffa82100000 - 0x00007ffa82109000 	C:\WINDOWS\SYSTEM32\WSOCK32.dll
0x00007ffa870a0000 - 0x00007ffa8710b000 	C:\WINDOWS\System32\WS2_32.dll
0x00007ffa7bc10000 - 0x00007ffa7bc37000 	C:\WINDOWS\SYSTEM32\WINMM.dll
0x00007ffa7a300000 - 0x00007ffa7a30a000 	C:\WINDOWS\SYSTEM32\VERSION.dll
0x00007ffa84d70000 - 0x00007ffa84d82000 	C:\WINDOWS\SYSTEM32\UMPDC.dll
0x00007ffa82dd0000 - 0x00007ffa82de2000 	C:\WINDOWS\SYSTEM32\kernel.appcore.dll
0x00007ffa7e8c0000 - 0x00007ffa7e8ca000 	C:\Program Files\Amazon Corretto\jdk17.0.11_9\bin\jimage.dll
0x00007ffa7f6b0000 - 0x00007ffa7f894000 	C:\WINDOWS\SYSTEM32\DBGHELP.DLL
0x00007ffa7f2f0000 - 0x00007ffa7f324000 	C:\WINDOWS\SYSTEM32\dbgcore.DLL
0x00007ffa85100000 - 0x00007ffa85182000 	C:\WINDOWS\System32\bcryptPrimitives.dll
0x00007ffa7e8b0000 - 0x00007ffa7e8be000 	C:\Program Files\Amazon Corretto\jdk17.0.11_9\bin\instrument.dll
0x00007ffa679f0000 - 0x00007ffa67a15000 	C:\Program Files\Amazon Corretto\jdk17.0.11_9\bin\java.dll
0x00007ffa52910000 - 0x00007ffa529e7000 	C:\Program Files\Amazon Corretto\jdk17.0.11_9\bin\jsvml.dll
0x00007ffa86610000 - 0x00007ffa86d7d000 	C:\WINDOWS\System32\SHELL32.dll
0x00007ffa82fd0000 - 0x00007ffa83774000 	C:\WINDOWS\SYSTEM32\windows.storage.dll
0x00007ffa873a0000 - 0x00007ffa876f3000 	C:\WINDOWS\System32\combase.dll
0x00007ffa84890000 - 0x00007ffa848be000 	C:\WINDOWS\SYSTEM32\Wldp.dll
0x00007ffa859e0000 - 0x00007ffa85aad000 	C:\WINDOWS\System32\OLEAUT32.dll
0x00007ffa86030000 - 0x00007ffa860dd000 	C:\WINDOWS\System32\SHCORE.dll
0x00007ffa871c0000 - 0x00007ffa87215000 	C:\WINDOWS\System32\shlwapi.dll
0x00007ffa84e60000 - 0x00007ffa84e84000 	C:\WINDOWS\SYSTEM32\profapi.dll
0x00007ffa68680000 - 0x00007ffa68698000 	C:\Program Files\Amazon Corretto\jdk17.0.11_9\bin\zip.dll
0x00007ffa52aa0000 - 0x00007ffa52ab9000 	C:\Program Files\Amazon Corretto\jdk17.0.11_9\bin\net.dll
0x00007ffa7f1e0000 - 0x00007ffa7f2ed000 	C:\WINDOWS\SYSTEM32\WINHTTP.dll
0x00007ffa845f0000 - 0x00007ffa8465a000 	C:\WINDOWS\system32\mswsock.dll
0x00007ffa528f0000 - 0x00007ffa52906000 	C:\Program Files\Amazon Corretto\jdk17.0.11_9\bin\nio.dll
0x00007ffa7aa40000 - 0x00007ffa7aa5a000 	C:\Users\user\AppData\Local\JetBrains\IntelliJ IDEA 2024.1.4\bin\breakgen64.dll
0x00007ffa84310000 - 0x00007ffa843da000 	C:\WINDOWS\SYSTEM32\DNSAPI.dll
0x00007ffa842d0000 - 0x00007ffa8430b000 	C:\WINDOWS\SYSTEM32\IPHLPAPI.DLL
0x00007ffa87110000 - 0x00007ffa87118000 	C:\WINDOWS\System32\NSI.dll
0x00007ffa679e0000 - 0x00007ffa679e9000 	C:\Program Files\Amazon Corretto\jdk17.0.11_9\bin\extnet.dll
0x00007ffa7d8e0000 - 0x00007ffa7d8ea000 	C:\Windows\System32\rasadhlp.dll
0x00007ffa7c6d0000 - 0x00007ffa7c750000 	C:\WINDOWS\System32\fwpuclnt.dll
0x00007ffa6c430000 - 0x00007ffa6c439000 	C:\Program Files\Amazon Corretto\jdk17.0.11_9\bin\management.dll
0x00007ffa6ae60000 - 0x00007ffa6ae6b000 	C:\Program Files\Amazon Corretto\jdk17.0.11_9\bin\management_ext.dll
0x00007ffa85f40000 - 0x00007ffa85f48000 	C:\WINDOWS\System32\PSAPI.DLL
0x00007ffa847f0000 - 0x00007ffa84808000 	C:\WINDOWS\SYSTEM32\CRYPTSP.dll
0x00007ffa83f10000 - 0x00007ffa83f44000 	C:\WINDOWS\system32\rsaenh.dll
0x00007ffa84e20000 - 0x00007ffa84e4e000 	C:\WINDOWS\SYSTEM32\USERENV.dll
0x00007ffa847e0000 - 0x00007ffa847ec000 	C:\WINDOWS\SYSTEM32\CRYPTBASE.dll
0x00007ffa80130000 - 0x00007ffa80147000 	C:\WINDOWS\SYSTEM32\dhcpcsvc6.DLL
0x00007ffa80110000 - 0x00007ffa8012d000 	C:\WINDOWS\SYSTEM32\dhcpcsvc.DLL
0x00007ffa73870000 - 0x00007ffa73887000 	C:\WINDOWS\system32\napinsp.dll
0x00007ffa73850000 - 0x00007ffa7386b000 	C:\WINDOWS\system32\pnrpnsp.dll
0x00007ffa80520000 - 0x00007ffa8053d000 	C:\WINDOWS\system32\NLAapi.dll
0x00007ffa737e0000 - 0x00007ffa737f5000 	C:\WINDOWS\system32\wshbth.dll
0x00007ffa737c0000 - 0x00007ffa737d2000 	C:\WINDOWS\System32\winrnr.dll
0x00007ffa52f70000 - 0x00007ffa52f7e000 	C:\Program Files\Amazon Corretto\jdk17.0.11_9\bin\sunmscapi.dll
0x00007ffa84f30000 - 0x00007ffa8508c000 	C:\WINDOWS\System32\CRYPT32.dll
0x00007ffa84900000 - 0x00007ffa84927000 	C:\WINDOWS\SYSTEM32\ncrypt.dll
0x00007ffa848c0000 - 0x00007ffa848fb000 	C:\WINDOWS\SYSTEM32\NTASN1.dll
0x00007ffa7e8a0000 - 0x00007ffa7e8b0000 	C:\Program Files\Amazon Corretto\jdk17.0.11_9\bin\verify.dll
0x00007ffa62fd0000 - 0x00007ffa62fd7000 	C:\WINDOWS\system32\wshunix.dll

dbghelp: loaded successfully - version: 4.0.5 - missing functions: none
symbol engine: initialized successfully - sym options: 0x614 - pdb path: .;C:\Program Files\Amazon Corretto\jdk17.0.11_9\bin;C:\WINDOWS\SYSTEM32;C:\WINDOWS\WinSxS\amd64_microsoft.windows.common-controls_6595b64144ccf1df_6.0.19041.4355_none_60b8b9eb71f62e16;C:\Program Files\Amazon Corretto\jdk17.0.11_9\bin\server;C:\Users\user\AppData\Local\JetBrains\IntelliJ IDEA 2024.1.4\bin

VM Arguments:
jvm_args: -XX:TieredStopAtLevel=1 -Dspring.output.ansi.enabled=always -Dcom.sun.management.jmxremote -Dspring.jmx.enabled=true -Dspring.liveBeansView.mbeanDomain -Dspring.application.admin.enabled=true -Dmanagement.endpoints.jmx.exposure.include=* -javaagent:C:\Users\user\AppData\Local\JetBrains\IntelliJ IDEA 2024.1.4\lib\idea_rt.jar=62503:C:\Users\user\AppData\Local\JetBrains\IntelliJ IDEA 2024.1.4\bin -Dfile.encoding=UTF-8 
java_command: com.icia.ggdserver.GgdserverApplication
java_class_path (initial): D:\project-work\ggdserver\build\classes\java\main;D:\project-work\ggdserver\build\resources\main;C:\Users\user\.gradle\caches\modules-2\files-2.1\org.projectlombok\lombok\1.18.34\ec547ef414ab1d2c040118fb9c1c265ada63af14\lombok-1.18.34.jar;C:\Users\user\.gradle\caches\modules-2\files-2.1\org.springframework.boot\spring-boot-starter-data-jpa\3.3.4\60df2a5bea8752fb215f3c8e1dffeb3554773a49\spring-boot-starter-data-jpa-3.3.4.jar;C:\Users\user\.gradle\caches\modules-2\files-2.1\org.springframework.boot\spring-boot-starter-web\3.3.4\b43a9fd107611337777b47dc7518e2aca59e58eb\spring-boot-starter-web-3.3.4.jar;C:\Users\user\.gradle\caches\modules-2\files-2.1\org.springframework.security\spring-security-core\6.3.3\2bf159e3db212d61408a2f728d6d7252dfaf4710\spring-security-core-6.3.3.jar;C:\Users\user\.gradle\caches\modules-2\files-2.1\org.springframework.boot\spring-boot-starter-mail\3.3.3\68ae7baa6f8f684631b201ce80bbdad9af04a9a4\spring-boot-starter-mail-3.3.3.jar;C:\Users\user\.gradle\caches\modules-2\files-2.1\com.googlecode.json-simple\json-simple\1.1.1\c9ad4a0850ab676c5c64461a05ca524cdfff59f1\json-simple-1.1.1.jar;C:\Users\user\.gradle\caches\modules-2\files-2.1\org.springframework.boot\spring-boot-starter-aop\3.3.4\4e0fef42facab9dbdbc7784dc4fb7698bf1c6b49\spring-boot-starter-aop-3.3.4.jar;C:\Users\user\.gradle\caches\modules-2\files-2.1\org.springframework.boot\spring-boot-starter-jdbc\3.3.4\b6bc324d5af04af752a6f3e44ea8e4cd96b28343\spring-boot-starter-jdbc-3.3.4.jar;C:\Users\user\.gradle\caches\modules-2\files-2.1\org.hibernate.orm\hibernate-core\6.5.3.Final\1e23c320a5d10f5eaecbd23095fca5c5c83c1fb5\hibernate-core-6.5.3.Final.jar;C:\Users\user\.gradle\caches\modules-2\files-2.1\org.springframework.data\spring-data-jpa\3.3.4\f92296e4b6d18f5f79c5e6074da96bf0de2006d3\spring-data-jpa-3.3.4.jar;C:\Users\user\.gradle\caches\modules-2\files-2.1\org.springframework\spring-aspects\6.1.13\d606215f2876e8a3ed1945db5adfbb76a7e3f0e7\spring-aspects-6.1.13.jar;C:
Launcher Type: SUN_STANDARD

[Global flags]
     intx CICompilerCount                          = 3                                         {product} {ergonomic}
     uint ConcGCThreads                            = 1                                         {product} {ergonomic}
     uint G1ConcRefinementThreads                  = 4                                         {product} {ergonomic}
   size_t G1HeapRegionSize                         = 1048576                                   {product} {ergonomic}
    uintx GCDrainStackTargetSize                   = 64                                        {product} {ergonomic}
   size_t InitialHeapSize                          = 134217728                                 {product} {ergonomic}
     bool ManagementServer                         = true                                      {product} {command line}
   size_t MarkStackSize                            = 4194304                                   {product} {ergonomic}
   size_t MaxHeapSize                              = 2120220672                                {product} {ergonomic}
   size_t MaxNewSize                               = 1271922688                                {product} {ergonomic}
   size_t MinHeapDeltaBytes                        = 1048576                                   {product} {ergonomic}
   size_t MinHeapSize                              = 8388608                                   {product} {ergonomic}
    uintx NonProfiledCodeHeapSize                  = 0                                      {pd product} {ergonomic}
     bool ProfileInterpreter                       = false                                  {pd product} {command line}
    uintx ProfiledCodeHeapSize                     = 0                                      {pd product} {ergonomic}
   size_t SoftMaxHeapSize                          = 2120220672                             {manageable} {ergonomic}
     intx TieredStopAtLevel                        = 1                                         {product} {command line}
     bool UseCompressedClassPointers               = true                           {product lp64_product} {ergonomic}
     bool UseCompressedOops                        = true                           {product lp64_product} {ergonomic}
     bool UseG1GC                                  = true                                      {product} {ergonomic}
     bool UseLargePagesIndividualAllocation        = false                                  {pd product} {ergonomic}

Logging:
Log output configuration:
 #0: stdout all=warning uptime,level,tags
 #1: stderr all=off uptime,level,tags

Environment Variables:
JAVA_HOME=C:\Program Files\Amazon Corretto\jdk17.0.11_9
PATH=C:\Program Files\MySQL\MySQL Server 8.0\bin;C:\Program Files\Amazon Corretto\jdk17.0.11_9\bin;C:\WINDOWS\system32;C:\WINDOWS;C:\WINDOWS\System32\Wbem;C:\WINDOWS\System32\WindowsPowerShell\v1.0\;C:\WINDOWS\System32\OpenSSH\;C:\Program Files\nodejs\;C:\Program Files\Git\cmd;C:\Users\user\AppData\Local\Programs\Python\Python312\Scripts\;C:\Users\user\AppData\Local\Programs\Python\Python312\;C:\Users\user\AppData\Local\Programs\Python\Launcher\;C:\Program Files\MySQL\MySQL Shell 8.0\bin\;C:\Users\user\AppData\Local\Microsoft\WindowsApps;C:\Users\user\AppData\Local\Programs\Microsoft VS Code\bin;C:\Users\user\AppData\Roaming\npm;C:\Users\user\AppData\Local\GitHubDesktop\bin
USERNAME=user
OS=Windows_NT
PROCESSOR_IDENTIFIER=Intel64 Family 6 Model 58 Stepping 9, GenuineIntel
TMP=C:\Users\user\AppData\Local\Temp
TEMP=C:\Users\user\AppData\Local\Temp



Periodic native trim disabled


---------------  S Y S T E M  ---------------

OS:
 Windows 10 , 64 bit Build 19041 (10.0.19041.5072)
OS uptime: 0 days 22:57 hours

CPU: total 4 (initial active 4) (4 cores per cpu, 1 threads per core) family 6 model 58 stepping 9 microcode 0x21, cx8, cmov, fxsr, mmx, sse, sse2, sse3, ssse3, sse4.1, sse4.2, popcnt, tsc, tscinvbit, avx, aes, erms, clmul, vzeroupper, clflush
Processor Information for all 4 processors :
  Max Mhz: 3201, Current Mhz: 3201, Mhz Limit: 3201

Memory: 4k page, system-wide physical 8086M (2116M free)
TotalPageFile size 19350M (AvailPageFile size 6921M)
current process WorkingSet (physical memory assigned to process): 258M, peak: 338M
current process commit charge ("private bytes"): 381M, peak: 381M

vm_info: OpenJDK 64-Bit Server VM (17.0.11+9-LTS) for windows-amd64 JRE (17.0.11+9-LTS), built on Apr 10 2024 22:12:24 by "Administrator" with MS VC++ 16.10 / 16.11 (VS2019)

END.
